<?xml version="1.0" encoding="UTF-8"?>
<testsuite xmlns:xsi="http://www.w3.org/2001/XMLSchema-instance" xsi:noNamespaceSchemaLocation="https://maven.apache.org/surefire/maven-surefire-plugin/xsd/surefire-test-report.xsd" name="cn.edu.ncu.yhs.TaobaoApplicationTests" time="12.045" tests="2" errors="0" skipped="0" failures="0">
  <properties>
[...]
</properties>
  <testcase name="test02" classname="cn.edu.ncu.yhs.TaobaoApplicationTests" time="1.143"/>
  <testcase name="test" classname="cn.edu.ncu.yhs.TaobaoApplicationTests" time="0.031"/>
</testsuite>